{"timestamp":"2025-12-10T23:02:07.944031","level":"info","event":"DAG bundles loaded: dags-folder","logger":"airflow.dag_processing.bundles.manager.DagBundlesManager"}
{"timestamp":"2025-12-10T23:02:07.944620","level":"info","event":"Filling up the DagBag from /opt/airflow/dags/SFTP-PostGres in DataGrip.py","logger":"airflow.models.dagbag.DagBag"}
{"timestamp":"2025-12-10T23:02:08.437017","level":"info","event":"Connection Retrieved 'sftp_conn'","logger":"airflow.hooks.base"}
{"timestamp":"2025-12-10T23:02:08.437271","level":"warning","event":"No Host Key Verification. This won't protect against Man-In-The-Middle attacks","logger":"airflow.task.hooks.airflow.providers.sftp.hooks.sftp.SFTPHook"}
{"timestamp":"2025-12-10T23:02:08.573101","level":"info","event":"Connected (version 2.0, client 1.82_sshlib)","logger":"paramiko.transport"}
{"timestamp":"2025-12-10T23:02:08.716490","level":"info","event":"Auth banner: b'If you experience issues connecting to ftp2.resftp.com site please contact customer support at 866-440-7449'","logger":"paramiko.transport"}
{"timestamp":"2025-12-10T23:02:08.764019","level":"info","event":"Authentication (password) successful!","logger":"paramiko.transport"}
{"timestamp":"2025-12-10T23:02:08.852867","level":"info","event":"[chan 0] Opened sftp connection (server version 3)","logger":"paramiko.transport.sftp"}
{"timestamp":"2025-12-10T23:02:08.976425Z","level":"info","event":"File: Marcus&Millichap_0000757_NationwideHomeSalesReport_Delivery_20250401.zip, last modified: 2025-04-02 05:09:46","chan":"stdout","logger":"task"}
{"timestamp":"2025-12-10T23:02:08.976980Z","level":"info","event":"File: Marcus&Millichap_0000757_NationwideHomeSalesReport_Delivery_20250501.zip, last modified: 2025-05-01 16:18:46","chan":"stdout","logger":"task"}
{"timestamp":"2025-12-10T23:02:08.977387Z","level":"info","event":"File: Marcus&Millichap_0000757_NationwideHomeSalesReport_Delivery_20250602.zip, last modified: 2025-06-02 17:17:54","chan":"stdout","logger":"task"}
{"timestamp":"2025-12-10T23:02:08.977729Z","level":"info","event":"File: Marcus&Millichap_0000757_NationwideHomeSalesReport_Delivery_20250701.zip, last modified: 2025-07-01 16:24:08","chan":"stdout","logger":"task"}
{"timestamp":"2025-12-10T23:02:08.978079Z","level":"info","event":"File: Marcus&Millichap_0000757_NationwideHomeSalesReport_Delivery_20250801.zip, last modified: 2025-08-01 17:28:57","chan":"stdout","logger":"task"}
{"timestamp":"2025-12-10T23:02:08.978432Z","level":"info","event":"File: Marcus&Millichap_0000757_NationwideHomeSalesReport_Delivery_20250902.zip, last modified: 2025-09-02 17:12:28","chan":"stdout","logger":"task"}
{"timestamp":"2025-12-10T23:02:08.978869Z","level":"info","event":"File: Marcus&Millichap_0000757_NationwideHomeSalesReport_Delivery_20251001.zip, last modified: 2025-10-02 01:24:22","chan":"stdout","logger":"task"}
{"timestamp":"2025-12-10T23:02:08.979231Z","level":"info","event":"File: Marcus&Millichap_0000757_NationwideHomeSalesReport_Delivery_20251103.zip, last modified: 2025-11-03 20:41:46","chan":"stdout","logger":"task"}
{"timestamp":"2025-12-10T23:02:08.979484Z","level":"info","event":"File: Marcus&Millichap_0000757_NationwideHomeSalesReport_Delivery_20251130.zip, last modified: 2025-12-01 05:36:14","chan":"stdout","logger":"task"}
{"timestamp":"2025-12-10T23:02:08.979707Z","level":"info","event":"File: MarcusMillichap_0000757_FCL_Activity_Report_20250401.zip, last modified: 2025-04-01 11:31:46","chan":"stdout","logger":"task"}
{"timestamp":"2025-12-10T23:02:08.979937Z","level":"info","event":"File: MarcusMillichap_0000757_FCL_Activity_Report_20250501.zip, last modified: 2025-05-01 11:31:39","chan":"stdout","logger":"task"}
{"timestamp":"2025-12-10T23:02:08.980225Z","level":"info","event":"File: MarcusMillichap_0000757_FCL_Activity_Report_20250602.zip, last modified: 2025-06-02 11:34:50","chan":"stdout","logger":"task"}
{"timestamp":"2025-12-10T23:02:08.980402Z","level":"info","event":"File: MarcusMillichap_0000757_FCL_Activity_Report_20250701.zip, last modified: 2025-07-01 11:39:18","chan":"stdout","logger":"task"}
{"timestamp":"2025-12-10T23:02:08.980667Z","level":"info","event":"File: MarcusMillichap_0000757_FCL_Activity_Report_20250801.zip, last modified: 2025-08-01 11:51:34","chan":"stdout","logger":"task"}
{"timestamp":"2025-12-10T23:02:08.980906Z","level":"info","event":"File: MarcusMillichap_0000757_FCL_Activity_Report_20250902.zip, last modified: 2025-09-02 11:59:31","chan":"stdout","logger":"task"}
{"timestamp":"2025-12-10T23:02:08.981091Z","level":"info","event":"File: MarcusMillichap_0000757_FCL_Activity_Report_20251001.zip, last modified: 2025-10-01 12:45:56","chan":"stdout","logger":"task"}
{"timestamp":"2025-12-10T23:02:08.981253Z","level":"info","event":"File: MarcusMillichap_0000757_FCL_Activity_Report_20251103.zip, last modified: 2025-11-03 13:43:40","chan":"stdout","logger":"task"}
{"timestamp":"2025-12-10T23:02:08.981439Z","level":"info","event":"File: MarcusMillichap_0000757_FCL_Activity_Report_20251201.zip, last modified: 2025-12-01 13:19:39","chan":"stdout","logger":"task"}
{"timestamp":"2025-12-10T23:02:08.976811","level":"info","event":"Done. Returned value was: [{'filename': 'Marcus&Millichap_0000757_NationwideHomeSalesReport_Delivery_20250401.zip', 'mtime': 1743570586}, {'filename': 'Marcus&Millichap_0000757_NationwideHomeSalesReport_Delivery_20250501.zip', 'mtime': 1746116326}, {'filename': 'Marcus&Millichap_0000757_NationwideHomeSalesReport_Delivery_20250602.zip', 'mtime': 1748884674}, {'filename': 'Marcus&Millichap_0000757_NationwideHomeSalesReport_Delivery_20250701.zip', 'mtime': 1751387048}, {'filename': 'Marcus&Millichap_0000757_NationwideHomeSalesReport_Delivery_20250801.zip', 'mtime': 1754069337}, {'filename': 'Marcus&Millichap_0000757_NationwideHomeSalesReport_Delivery_20250902.zip', 'mtime': 1756833148}, {'filename': 'Marcus&Millichap_0000757_NationwideHomeSalesReport_Delivery_20251001.zip', 'mtime': 1759368262}, {'filename': 'Marcus&Millichap_0000757_NationwideHomeSalesReport_Delivery_20251103.zip', 'mtime': 1762202506}, {'filename': 'Marcus&Millichap_0000757_NationwideHomeSalesReport_Delivery_20251130.zip', 'mtime': 1764567374}, {'filename': 'MarcusMillichap_0000757_FCL_Activity_Report_20250401.zip', 'mtime': 1743507106}, {'filename': 'MarcusMillichap_0000757_FCL_Activity_Report_20250501.zip', 'mtime': 1746099099}, {'filename': 'MarcusMillichap_0000757_FCL_Activity_Report_20250602.zip', 'mtime': 1748864090}, {'filename': 'MarcusMillichap_0000757_FCL_Activity_Report_20250701.zip', 'mtime': 1751369958}, {'filename': 'MarcusMillichap_0000757_FCL_Activity_Report_20250801.zip', 'mtime': 1754049094}, {'filename': 'MarcusMillichap_0000757_FCL_Activity_Report_20250902.zip', 'mtime': 1756814371}, {'filename': 'MarcusMillichap_0000757_FCL_Activity_Report_20251001.zip', 'mtime': 1759322756}, {'filename': 'MarcusMillichap_0000757_FCL_Activity_Report_20251103.zip', 'mtime': 1762177420}, {'filename': 'MarcusMillichap_0000757_FCL_Activity_Report_20251201.zip', 'mtime': 1764595179}]","logger":"airflow.task.operators.airflow.providers.standard.decorators.python._PythonDecoratedOperator"}
{"timestamp":"2025-12-10T23:02:08.977074","level":"info","event":"Pushing xcom","ti":"RuntimeTaskInstance(id=UUID('019b0a80-1f2b-7f4a-ac43-9764691f390d'), task_id='list_files', dag_id='sftp_corelogic', run_id='manual__2025-12-10T23:02:07.366845+00:00', try_number=1, map_index=-1, hostname='7536c86e785b', context_carrier={}, task=<Task(_PythonDecoratedOperator): list_files>, bundle_instance=LocalDagBundle(name=dags-folder), max_tries=0, start_date=datetime.datetime(2025, 12, 10, 23, 2, 7, 782082, tzinfo=datetime.timezone.utc), end_date=None, state=<TaskInstanceState.RUNNING: 'running'>, is_mapped=False, rendered_map_index=None, log_url='http://localhost:8080/dags/sftp_corelogic/runs/manual__2025-12-10T23%3A02%3A07.366845%2B00%3A00/tasks/list_files?try_number=1')","logger":"task"}
