{"timestamp":"2025-12-10T19:42:31.173648","level":"info","event":"DAG bundles loaded: dags-folder","logger":"airflow.dag_processing.bundles.manager.DagBundlesManager"}
{"timestamp":"2025-12-10T19:42:31.175020","level":"info","event":"Filling up the DagBag from /opt/airflow/dags/SFTP-PostGres in DataGrip.py","logger":"airflow.models.dagbag.DagBag"}
{"timestamp":"2025-12-10T19:42:31.851151","level":"info","event":"Connection Retrieved 'sftp_conn'","logger":"airflow.hooks.base"}
{"timestamp":"2025-12-10T19:42:31.851422","level":"warning","event":"No Host Key Verification. This won't protect against Man-In-The-Middle attacks","logger":"airflow.task.hooks.airflow.providers.sftp.hooks.sftp.SFTPHook"}
{"timestamp":"2025-12-10T19:42:32.018102","level":"info","event":"Connected (version 2.0, client 1.82_sshlib)","logger":"paramiko.transport"}
{"timestamp":"2025-12-10T19:42:32.193432","level":"info","event":"Auth banner: b'If you experience issues connecting to ftp2.resftp.com site please contact customer support at 866-440-7449'","logger":"paramiko.transport"}
{"timestamp":"2025-12-10T19:42:32.239935","level":"info","event":"Authentication (password) successful!","logger":"paramiko.transport"}
{"timestamp":"2025-12-10T19:42:32.332814","level":"info","event":"[chan 0] Opened sftp connection (server version 3)","logger":"paramiko.transport.sftp"}
{"timestamp":"2025-12-10T19:42:32.458603Z","level":"info","event":"Files in SFTP root directory: ['Marcus&Millichap_0000757_NationwideHomeSalesReport_Delivery_20250401.zip', 'Marcus&Millichap_0000757_NationwideHomeSalesReport_Delivery_20250501.zip', 'Marcus&Millichap_0000757_NationwideHomeSalesReport_Delivery_20250602.zip', 'Marcus&Millichap_0000757_NationwideHomeSalesReport_Delivery_20250701.zip', 'Marcus&Millichap_0000757_NationwideHomeSalesReport_Delivery_20250801.zip', 'Marcus&Millichap_0000757_NationwideHomeSalesReport_Delivery_20250902.zip', 'Marcus&Millichap_0000757_NationwideHomeSalesReport_Delivery_20251001.zip', 'Marcus&Millichap_0000757_NationwideHomeSalesReport_Delivery_20251103.zip', 'Marcus&Millichap_0000757_NationwideHomeSalesReport_Delivery_20251130.zip', 'MarcusMillichap_0000757_FCL_Activity_Report_20250401.zip', 'MarcusMillichap_0000757_FCL_Activity_Report_20250501.zip', 'MarcusMillichap_0000757_FCL_Activity_Report_20250602.zip', 'MarcusMillichap_0000757_FCL_Activity_Report_20250701.zip', 'MarcusMillichap_0000757_FCL_Activity_Report_20250801.zip', 'MarcusMillichap_0000757_FCL_Activity_Report_20250902.zip', 'MarcusMillichap_0000757_FCL_Activity_Report_20251001.zip', 'MarcusMillichap_0000757_FCL_Activity_Report_20251103.zip', 'MarcusMillichap_0000757_FCL_Activity_Report_20251201.zip']","chan":"stdout","logger":"task"}
{"timestamp":"2025-12-10T19:42:32.459224Z","level":"info","event":" - Marcus&Millichap_0000757_NationwideHomeSalesReport_Delivery_20250401.zip","chan":"stdout","logger":"task"}
{"timestamp":"2025-12-10T19:42:32.459635Z","level":"info","event":" - Marcus&Millichap_0000757_NationwideHomeSalesReport_Delivery_20250501.zip","chan":"stdout","logger":"task"}
{"timestamp":"2025-12-10T19:42:32.460068Z","level":"info","event":" - Marcus&Millichap_0000757_NationwideHomeSalesReport_Delivery_20250602.zip","chan":"stdout","logger":"task"}
{"timestamp":"2025-12-10T19:42:32.460507Z","level":"info","event":" - Marcus&Millichap_0000757_NationwideHomeSalesReport_Delivery_20250701.zip","chan":"stdout","logger":"task"}
{"timestamp":"2025-12-10T19:42:32.460982Z","level":"info","event":" - Marcus&Millichap_0000757_NationwideHomeSalesReport_Delivery_20250801.zip","chan":"stdout","logger":"task"}
{"timestamp":"2025-12-10T19:42:32.461331Z","level":"info","event":" - Marcus&Millichap_0000757_NationwideHomeSalesReport_Delivery_20250902.zip","chan":"stdout","logger":"task"}
{"timestamp":"2025-12-10T19:42:32.461675Z","level":"info","event":" - Marcus&Millichap_0000757_NationwideHomeSalesReport_Delivery_20251001.zip","chan":"stdout","logger":"task"}
{"timestamp":"2025-12-10T19:42:32.462104Z","level":"info","event":" - Marcus&Millichap_0000757_NationwideHomeSalesReport_Delivery_20251103.zip","chan":"stdout","logger":"task"}
{"timestamp":"2025-12-10T19:42:32.462505Z","level":"info","event":" - Marcus&Millichap_0000757_NationwideHomeSalesReport_Delivery_20251130.zip","chan":"stdout","logger":"task"}
{"timestamp":"2025-12-10T19:42:32.462874Z","level":"info","event":" - MarcusMillichap_0000757_FCL_Activity_Report_20250401.zip","chan":"stdout","logger":"task"}
{"timestamp":"2025-12-10T19:42:32.463273Z","level":"info","event":" - MarcusMillichap_0000757_FCL_Activity_Report_20250501.zip","chan":"stdout","logger":"task"}
{"timestamp":"2025-12-10T19:42:32.463635Z","level":"info","event":" - MarcusMillichap_0000757_FCL_Activity_Report_20250602.zip","chan":"stdout","logger":"task"}
{"timestamp":"2025-12-10T19:42:32.464087Z","level":"info","event":" - MarcusMillichap_0000757_FCL_Activity_Report_20250701.zip","chan":"stdout","logger":"task"}
{"timestamp":"2025-12-10T19:42:32.464454Z","level":"info","event":" - MarcusMillichap_0000757_FCL_Activity_Report_20250801.zip","chan":"stdout","logger":"task"}
{"timestamp":"2025-12-10T19:42:32.464784Z","level":"info","event":" - MarcusMillichap_0000757_FCL_Activity_Report_20250902.zip","chan":"stdout","logger":"task"}
{"timestamp":"2025-12-10T19:42:32.465101Z","level":"info","event":" - MarcusMillichap_0000757_FCL_Activity_Report_20251001.zip","chan":"stdout","logger":"task"}
{"timestamp":"2025-12-10T19:42:32.465419Z","level":"info","event":" - MarcusMillichap_0000757_FCL_Activity_Report_20251103.zip","chan":"stdout","logger":"task"}
{"timestamp":"2025-12-10T19:42:32.465726Z","level":"info","event":" - MarcusMillichap_0000757_FCL_Activity_Report_20251201.zip","chan":"stdout","logger":"task"}
{"timestamp":"2025-12-10T19:42:32.459054","level":"info","event":"Done. Returned value was: ['Marcus&Millichap_0000757_NationwideHomeSalesReport_Delivery_20250401.zip', 'Marcus&Millichap_0000757_NationwideHomeSalesReport_Delivery_20250501.zip', 'Marcus&Millichap_0000757_NationwideHomeSalesReport_Delivery_20250602.zip', 'Marcus&Millichap_0000757_NationwideHomeSalesReport_Delivery_20250701.zip', 'Marcus&Millichap_0000757_NationwideHomeSalesReport_Delivery_20250801.zip', 'Marcus&Millichap_0000757_NationwideHomeSalesReport_Delivery_20250902.zip', 'Marcus&Millichap_0000757_NationwideHomeSalesReport_Delivery_20251001.zip', 'Marcus&Millichap_0000757_NationwideHomeSalesReport_Delivery_20251103.zip', 'Marcus&Millichap_0000757_NationwideHomeSalesReport_Delivery_20251130.zip', 'MarcusMillichap_0000757_FCL_Activity_Report_20250401.zip', 'MarcusMillichap_0000757_FCL_Activity_Report_20250501.zip', 'MarcusMillichap_0000757_FCL_Activity_Report_20250602.zip', 'MarcusMillichap_0000757_FCL_Activity_Report_20250701.zip', 'MarcusMillichap_0000757_FCL_Activity_Report_20250801.zip', 'MarcusMillichap_0000757_FCL_Activity_Report_20250902.zip', 'MarcusMillichap_0000757_FCL_Activity_Report_20251001.zip', 'MarcusMillichap_0000757_FCL_Activity_Report_20251103.zip', 'MarcusMillichap_0000757_FCL_Activity_Report_20251201.zip']","logger":"airflow.task.operators.airflow.providers.standard.decorators.python._PythonDecoratedOperator"}
{"timestamp":"2025-12-10T19:42:32.459833","level":"info","event":"Pushing xcom","ti":"RuntimeTaskInstance(id=UUID('019b09c9-5c3e-70ab-ab45-d7eb81583dad'), task_id='list_files', dag_id='sftp_corelogic_v2', run_id='manual__2025-12-10T19:42:29.938741+00:00', try_number=1, map_index=-1, hostname='7536c86e785b', context_carrier={}, task=<Task(_PythonDecoratedOperator): list_files>, bundle_instance=LocalDagBundle(name=dags-folder), max_tries=0, start_date=datetime.datetime(2025, 12, 10, 19, 42, 30, 773301, tzinfo=datetime.timezone.utc), end_date=None, state=<TaskInstanceState.RUNNING: 'running'>, is_mapped=False, rendered_map_index=None, log_url='http://localhost:8080/dags/sftp_corelogic_v2/runs/manual__2025-12-10T19%3A42%3A29.938741%2B00%3A00/tasks/list_files?try_number=1')","logger":"task"}
