{"timestamp":"2025-12-10T19:10:00.118718","level":"info","event":"DAG bundles loaded: dags-folder","logger":"airflow.dag_processing.bundles.manager.DagBundlesManager"}
{"timestamp":"2025-12-10T19:10:00.122176","level":"info","event":"Filling up the DagBag from /opt/airflow/dags/SFTP-PostGres in DataGrip.py","logger":"airflow.models.dagbag.DagBag"}
{"timestamp":"2025-12-10T19:10:01.669154","level":"info","event":"Connection Retrieved 'sftp_conn'","logger":"airflow.hooks.base"}
{"timestamp":"2025-12-10T19:10:01.671608","level":"warning","event":"No Host Key Verification. This won't protect against Man-In-The-Middle attacks","logger":"airflow.task.hooks.airflow.providers.sftp.hooks.sftp.SFTPHook"}
{"timestamp":"2025-12-10T19:10:01.812854","level":"info","event":"Connected (version 2.0, client 1.82_sshlib)","logger":"paramiko.transport"}
{"timestamp":"2025-12-10T19:10:02.006712","level":"info","event":"Auth banner: b'If you experience issues connecting to ftp2.resftp.com site please contact customer support at 866-440-7449'","logger":"paramiko.transport"}
{"timestamp":"2025-12-10T19:10:02.053209","level":"info","event":"Authentication (password) successful!","logger":"paramiko.transport"}
{"timestamp":"2025-12-10T19:10:02.141566","level":"info","event":"[chan 0] Opened sftp connection (server version 3)","logger":"paramiko.transport.sftp"}
{"timestamp":"2025-12-10T19:10:02.264570Z","level":"info","event":"Files in SFTP root directory: ['Marcus&Millichap_0000757_NationwideHomeSalesReport_Delivery_20250401.zip', 'Marcus&Millichap_0000757_NationwideHomeSalesReport_Delivery_20250501.zip', 'Marcus&Millichap_0000757_NationwideHomeSalesReport_Delivery_20250602.zip', 'Marcus&Millichap_0000757_NationwideHomeSalesReport_Delivery_20250701.zip', 'Marcus&Millichap_0000757_NationwideHomeSalesReport_Delivery_20250801.zip', 'Marcus&Millichap_0000757_NationwideHomeSalesReport_Delivery_20250902.zip', 'Marcus&Millichap_0000757_NationwideHomeSalesReport_Delivery_20251001.zip', 'Marcus&Millichap_0000757_NationwideHomeSalesReport_Delivery_20251103.zip', 'Marcus&Millichap_0000757_NationwideHomeSalesReport_Delivery_20251130.zip', 'MarcusMillichap_0000757_FCL_Activity_Report_20250401.zip', 'MarcusMillichap_0000757_FCL_Activity_Report_20250501.zip', 'MarcusMillichap_0000757_FCL_Activity_Report_20250602.zip', 'MarcusMillichap_0000757_FCL_Activity_Report_20250701.zip', 'MarcusMillichap_0000757_FCL_Activity_Report_20250801.zip', 'MarcusMillichap_0000757_FCL_Activity_Report_20250902.zip', 'MarcusMillichap_0000757_FCL_Activity_Report_20251001.zip', 'MarcusMillichap_0000757_FCL_Activity_Report_20251103.zip', 'MarcusMillichap_0000757_FCL_Activity_Report_20251201.zip']","chan":"stdout","logger":"task"}
{"timestamp":"2025-12-10T19:10:02.265277Z","level":"info","event":" - Marcus&Millichap_0000757_NationwideHomeSalesReport_Delivery_20250401.zip","chan":"stdout","logger":"task"}
{"timestamp":"2025-12-10T19:10:02.265843Z","level":"info","event":" - Marcus&Millichap_0000757_NationwideHomeSalesReport_Delivery_20250501.zip","chan":"stdout","logger":"task"}
{"timestamp":"2025-12-10T19:10:02.266333Z","level":"info","event":" - Marcus&Millichap_0000757_NationwideHomeSalesReport_Delivery_20250602.zip","chan":"stdout","logger":"task"}
{"timestamp":"2025-12-10T19:10:02.266754Z","level":"info","event":" - Marcus&Millichap_0000757_NationwideHomeSalesReport_Delivery_20250701.zip","chan":"stdout","logger":"task"}
{"timestamp":"2025-12-10T19:10:02.267116Z","level":"info","event":" - Marcus&Millichap_0000757_NationwideHomeSalesReport_Delivery_20250801.zip","chan":"stdout","logger":"task"}
{"timestamp":"2025-12-10T19:10:02.267420Z","level":"info","event":" - Marcus&Millichap_0000757_NationwideHomeSalesReport_Delivery_20250902.zip","chan":"stdout","logger":"task"}
{"timestamp":"2025-12-10T19:10:02.267823Z","level":"info","event":" - Marcus&Millichap_0000757_NationwideHomeSalesReport_Delivery_20251001.zip","chan":"stdout","logger":"task"}
{"timestamp":"2025-12-10T19:10:02.268290Z","level":"info","event":" - Marcus&Millichap_0000757_NationwideHomeSalesReport_Delivery_20251103.zip","chan":"stdout","logger":"task"}
{"timestamp":"2025-12-10T19:10:02.268630Z","level":"info","event":" - Marcus&Millichap_0000757_NationwideHomeSalesReport_Delivery_20251130.zip","chan":"stdout","logger":"task"}
{"timestamp":"2025-12-10T19:10:02.268973Z","level":"info","event":" - MarcusMillichap_0000757_FCL_Activity_Report_20250401.zip","chan":"stdout","logger":"task"}
{"timestamp":"2025-12-10T19:10:02.269400Z","level":"info","event":" - MarcusMillichap_0000757_FCL_Activity_Report_20250501.zip","chan":"stdout","logger":"task"}
{"timestamp":"2025-12-10T19:10:02.269756Z","level":"info","event":" - MarcusMillichap_0000757_FCL_Activity_Report_20250602.zip","chan":"stdout","logger":"task"}
{"timestamp":"2025-12-10T19:10:02.270140Z","level":"info","event":" - MarcusMillichap_0000757_FCL_Activity_Report_20250701.zip","chan":"stdout","logger":"task"}
{"timestamp":"2025-12-10T19:10:02.270510Z","level":"info","event":" - MarcusMillichap_0000757_FCL_Activity_Report_20250801.zip","chan":"stdout","logger":"task"}
{"timestamp":"2025-12-10T19:10:02.270848Z","level":"info","event":" - MarcusMillichap_0000757_FCL_Activity_Report_20250902.zip","chan":"stdout","logger":"task"}
{"timestamp":"2025-12-10T19:10:02.271224Z","level":"info","event":" - MarcusMillichap_0000757_FCL_Activity_Report_20251001.zip","chan":"stdout","logger":"task"}
{"timestamp":"2025-12-10T19:10:02.271596Z","level":"info","event":" - MarcusMillichap_0000757_FCL_Activity_Report_20251103.zip","chan":"stdout","logger":"task"}
{"timestamp":"2025-12-10T19:10:02.271928Z","level":"info","event":" - MarcusMillichap_0000757_FCL_Activity_Report_20251201.zip","chan":"stdout","logger":"task"}
{"timestamp":"2025-12-10T19:10:02.265086","level":"info","event":"Done. Returned value was: ['Marcus&Millichap_0000757_NationwideHomeSalesReport_Delivery_20250401.zip', 'Marcus&Millichap_0000757_NationwideHomeSalesReport_Delivery_20250501.zip', 'Marcus&Millichap_0000757_NationwideHomeSalesReport_Delivery_20250602.zip', 'Marcus&Millichap_0000757_NationwideHomeSalesReport_Delivery_20250701.zip', 'Marcus&Millichap_0000757_NationwideHomeSalesReport_Delivery_20250801.zip', 'Marcus&Millichap_0000757_NationwideHomeSalesReport_Delivery_20250902.zip', 'Marcus&Millichap_0000757_NationwideHomeSalesReport_Delivery_20251001.zip', 'Marcus&Millichap_0000757_NationwideHomeSalesReport_Delivery_20251103.zip', 'Marcus&Millichap_0000757_NationwideHomeSalesReport_Delivery_20251130.zip', 'MarcusMillichap_0000757_FCL_Activity_Report_20250401.zip', 'MarcusMillichap_0000757_FCL_Activity_Report_20250501.zip', 'MarcusMillichap_0000757_FCL_Activity_Report_20250602.zip', 'MarcusMillichap_0000757_FCL_Activity_Report_20250701.zip', 'MarcusMillichap_0000757_FCL_Activity_Report_20250801.zip', 'MarcusMillichap_0000757_FCL_Activity_Report_20250902.zip', 'MarcusMillichap_0000757_FCL_Activity_Report_20251001.zip', 'MarcusMillichap_0000757_FCL_Activity_Report_20251103.zip', 'MarcusMillichap_0000757_FCL_Activity_Report_20251201.zip']","logger":"airflow.task.operators.airflow.providers.standard.decorators.python._PythonDecoratedOperator"}
{"timestamp":"2025-12-10T19:10:02.267056","level":"info","event":"Pushing xcom","ti":"RuntimeTaskInstance(id=UUID('019b09ab-8905-76a2-bd0a-3e6355aee487'), task_id='list_files', dag_id='sftp_corelogic', run_id='manual__2025-12-10T19:09:55.193746+00:00', try_number=1, map_index=-1, hostname='7536c86e785b', context_carrier={}, task=<Task(_PythonDecoratedOperator): list_files>, bundle_instance=LocalDagBundle(name=dags-folder), max_tries=0, start_date=datetime.datetime(2025, 12, 10, 19, 9, 58, 974694, tzinfo=datetime.timezone.utc), end_date=None, state=<TaskInstanceState.RUNNING: 'running'>, is_mapped=False, rendered_map_index=None, log_url='http://localhost:8080/dags/sftp_corelogic/runs/manual__2025-12-10T19%3A09%3A55.193746%2B00%3A00/tasks/list_files?try_number=1')","logger":"task"}
